# JRE version: OpenJDK Runtime Environment (8.0_131-b11) (build 1.8.0_131-8u131-b11-2ubuntu1.17.04.3-b11)
# Java VM: OpenJDK 64-Bit Server VM (25.131-b11 mixed mode linux-amd64 compressed oops)
Heap:
 PSYoungGen      total 171520K, used 19958K [0x00000000f0580000, 0x00000000fe200000, 0x0000000100000000)
  eden space 151552K, 0% used [0x00000000f0580000,0x00000000f0580000,0x00000000f9980000)
  from space 19968K, 99% used [0x00000000fce80000,0x00000000fe1fd9d8,0x00000000fe200000)
  to   space 10752K, 0% used [0x00000000f9980000,0x00000000f9980000,0x00000000fa400000)
 ParOldGen       total 72704K, used 50926K [0x00000000d1000000, 0x00000000d5700000, 0x00000000f0580000)
  object space 72704K, 70% used [0x00000000d1000000,0x00000000d41bba88,0x00000000d5700000)
 Metaspace       used 27085K, capacity 27972K, committed 28208K, reserved 1075200K
  class space    used 3161K, capacity 3356K, committed 3376K, reserved 1048576K
GC Heap History (10 events):
Event: 4,365 GC heap after
Heap after GC invocations=9 (full 0):
 PSYoungGen      total 105472K, used 6345K [0x00000000f0580000, 0x00000000fae80000, 0x0000000100000000)
  eden space 97280K, 0% used [0x00000000f0580000,0x00000000f0580000,0x00000000f6480000)
  from space 8192K, 77% used [0x00000000f6480000,0x00000000f6ab2748,0x00000000f6c80000)
  to   space 8704K, 0% used [0x00000000fa600000,0x00000000fa600000,0x00000000fae80000)
 ParOldGen       total 32768K, used 11522K [0x00000000d1000000, 0x00000000d3000000, 0x00000000f0580000)
  object space 32768K, 35% used [0x00000000d1000000,0x00000000d1b40b18,0x00000000d3000000)
 Metaspace       used 20600K, capacity 21212K, committed 21296K, reserved 1069056K
  class space    used 2448K, capacity 2569K, committed 2608K, reserved 1048576K
}
Event: 4,365 GC heap before
{Heap before GC invocations=10 (full 1):
 PSYoungGen      total 105472K, used 6345K [0x00000000f0580000, 0x00000000fae80000, 0x0000000100000000)
  eden space 97280K, 0% used [0x00000000f0580000,0x00000000f0580000,0x00000000f6480000)
  from space 8192K, 77% used [0x00000000f6480000,0x00000000f6ab2748,0x00000000f6c80000)
  to   space 8704K, 0% used [0x00000000fa600000,0x00000000fa600000,0x00000000fae80000)
 ParOldGen       total 32768K, used 11522K [0x00000000d1000000, 0x00000000d3000000, 0x00000000f0580000)
  object space 32768K, 35% used [0x00000000d1000000,0x00000000d1b40b18,0x00000000d3000000)
 Metaspace       used 20600K, capacity 21212K, committed 21296K, reserved 1069056K
  class space    used 2448K, capacity 2569K, committed 2608K, reserved 1048576K
Event: 4,431 GC heap after
Heap after GC invocations=10 (full 1):
 PSYoungGen      total 105472K, used 0K [0x00000000f0580000, 0x00000000fae80000, 0x0000000100000000)
  eden space 97280K, 0% used [0x00000000f0580000,0x00000000f0580000,0x00000000f6480000)
  from space 8192K, 0% used [0x00000000f6480000,0x00000000f6480000,0x00000000f6c80000)
  to   space 8704K, 0% used [0x00000000fa600000,0x00000000fa600000,0x00000000fae80000)
 ParOldGen       total 33280K, used 12569K [0x00000000d1000000, 0x00000000d3080000, 0x00000000f0580000)
  object space 33280K, 37% used [0x00000000d1000000,0x00000000d1c46620,0x00000000d3080000)
 Metaspace       used 20600K, capacity 21212K, committed 21296K, reserved 1069056K
  class space    used 2448K, capacity 2569K, committed 2608K, reserved 1048576K
}
Event: 5,700 GC heap before
{Heap before GC invocations=11 (full 1):
 PSYoungGen      total 105472K, used 97280K [0x00000000f0580000, 0x00000000fae80000, 0x0000000100000000)
  eden space 97280K, 100% used [0x00000000f0580000,0x00000000f6480000,0x00000000f6480000)
  from space 8192K, 0% used [0x00000000f6480000,0x00000000f6480000,0x00000000f6c80000)
  to   space 8704K, 0% used [0x00000000fa600000,0x00000000fa600000,0x00000000fae80000)
 ParOldGen       total 33280K, used 12569K [0x00000000d1000000, 0x00000000d3080000, 0x00000000f0580000)
  object space 33280K, 37% used [0x00000000d1000000,0x00000000d1c46620,0x00000000d3080000)
 Metaspace       used 24326K, capacity 25070K, committed 25392K, reserved 1071104K
  class space    used 2850K, capacity 3042K, committed 3120K, reserved 1048576K
Event: 5,756 GC heap after
Heap after GC invocations=11 (full 1):
 PSYoungGen      total 144384K, used 8672K [0x00000000f0580000, 0x00000000fae80000, 0x0000000100000000)
  eden space 135680K, 0% used [0x00000000f0580000,0x00000000f0580000,0x00000000f8a00000)
  from space 8704K, 99% used [0x00000000fa600000,0x00000000fae78088,0x00000000fae80000)
  to   space 10752K, 0% used [0x00000000f9980000,0x00000000f9980000,0x00000000fa400000)
 ParOldGen       total 33280K, used 15452K [0x00000000d1000000, 0x00000000d3080000, 0x00000000f0580000)
  object space 33280K, 46% used [0x00000000d1000000,0x00000000d1f17330,0x00000000d3080000)
 Metaspace       used 24326K, capacity 25070K, committed 25392K, reserved 1071104K
  class space    used 2850K, capacity 3042K, committed 3120K, reserved 1048576K
}
Event: 9,918 GC heap before
{Heap before GC invocations=12 (full 1):
 PSYoungGen      total 144384K, used 144352K [0x00000000f0580000, 0x00000000fae80000, 0x0000000100000000)
  eden space 135680K, 100% used [0x00000000f0580000,0x00000000f8a00000,0x00000000f8a00000)
  from space 8704K, 99% used [0x00000000fa600000,0x00000000fae78088,0x00000000fae80000)
  to   space 10752K, 0% used [0x00000000f9980000,0x00000000f9980000,0x00000000fa400000)
 ParOldGen       total 33280K, used 15452K [0x00000000d1000000, 0x00000000d3080000, 0x00000000f0580000)
  object space 33280K, 46% used [0x00000000d1000000,0x00000000d1f17330,0x00000000d3080000)
 Metaspace       used 27085K, capacity 27972K, committed 28208K, reserved 1075200K
  class space    used 3161K, capacity 3356K, committed 3376K, reserved 1048576K
Event: 9,958 GC heap after
Heap after GC invocations=12 (full 1):
 PSYoungGen      total 162304K, used 10737K [0x00000000f0580000, 0x00000000fe200000, 0x0000000100000000)
  eden space 151552K, 0% used [0x00000000f0580000,0x00000000f0580000,0x00000000f9980000)
  from space 10752K, 99% used [0x00000000f9980000,0x00000000fa3fc688,0x00000000fa400000)
  to   space 19968K, 0% used [0x00000000fce80000,0x00000000fce80000,0x00000000fe200000)
 ParOldGen       total 36864K, used 36593K [0x00000000d1000000, 0x00000000d3400000, 0x00000000f0580000)
  object space 36864K, 99% used [0x00000000d1000000,0x00000000d33bc418,0x00000000d3400000)
 Metaspace       used 27085K, capacity 27972K, committed 28208K, reserved 1075200K
  class space    used 3161K, capacity 3356K, committed 3376K, reserved 1048576K
}
Event: 9,958 GC heap before
{Heap before GC invocations=13 (full 2):
 PSYoungGen      total 162304K, used 10737K [0x00000000f0580000, 0x00000000fe200000, 0x0000000100000000)
  eden space 151552K, 0% used [0x00000000f0580000,0x00000000f0580000,0x00000000f9980000)
  from space 10752K, 99% used [0x00000000f9980000,0x00000000fa3fc688,0x00000000fa400000)
  to   space 19968K, 0% used [0x00000000fce80000,0x00000000fce80000,0x00000000fe200000)
 ParOldGen       total 36864K, used 36593K [0x00000000d1000000, 0x00000000d3400000, 0x00000000f0580000)
  object space 36864K, 99% used [0x00000000d1000000,0x00000000d33bc418,0x00000000d3400000)
 Metaspace       used 27085K, capacity 27972K, committed 28208K, reserved 1075200K
  class space    used 3161K, capacity 3356K, committed 3376K, reserved 1048576K
Event: 10,107 GC heap after
Heap after GC invocations=13 (full 2):
 PSYoungGen      total 162304K, used 3378K [0x00000000f0580000, 0x00000000fe200000, 0x0000000100000000)
  eden space 151552K, 0% used [0x00000000f0580000,0x00000000f0580000,0x00000000f9980000)
  from space 10752K, 31% used [0x00000000f9980000,0x00000000f9ccc938,0x00000000fa400000)
  to   space 19968K, 0% used [0x00000000fce80000,0x00000000fce80000,0x00000000fe200000)
 ParOldGen       total 72704K, used 36538K [0x00000000d1000000, 0x00000000d5700000, 0x00000000f0580000)
  object space 72704K, 50% used [0x00000000d1000000,0x00000000d33aebd8,0x00000000d5700000)
 Metaspace       used 27085K, capacity 27972K, committed 28208K, reserved 1075200K
  class space    used 3161K, capacity 3356K, committed 3376K, reserved 1048576K
}
Event: 11,468 GC heap before
{Heap before GC invocations=14 (full 2):
 PSYoungGen      total 162304K, used 154930K [0x00000000f0580000, 0x00000000fe200000, 0x0000000100000000)
  eden space 151552K, 100% used [0x00000000f0580000,0x00000000f9980000,0x00000000f9980000)
  from space 10752K, 31% used [0x00000000f9980000,0x00000000f9ccc938,0x00000000fa400000)
  to   space 19968K, 0% used [0x00000000fce80000,0x00000000fce80000,0x00000000fe200000)
 ParOldGen       total 72704K, used 36538K [0x00000000d1000000, 0x00000000d5700000, 0x00000000f0580000)
  object space 72704K, 50% used [0x00000000d1000000,0x00000000d33aebd8,0x00000000d5700000)
 Metaspace       used 27085K, capacity 27972K, committed 28208K, reserved 1075200K
  class space    used 3161K, capacity 3356K, committed 3376K, reserved 1048576K

