# JRE version: OpenJDK Runtime Environment (8.0_131-b11) (build 1.8.0_131-8u131-b11-2ubuntu1.17.04.3-b11)
# Java VM: OpenJDK 64-Bit Server VM (25.131-b11 mixed mode linux-amd64 compressed oops)
Heap:
 PSYoungGen      total 169984K, used 19960K [0x00000000f0580000, 0x00000000fd500000, 0x0000000100000000)
  eden space 150016K, 0% used [0x00000000f0580000,0x00000000f0580000,0x00000000f9800000)
  from space 19968K, 99% used [0x00000000fc180000,0x00000000fd4fe0f8,0x00000000fd500000)
  to   space 11264K, 0% used [0x00000000f9800000,0x00000000f9800000,0x00000000fa300000)
 ParOldGen       total 71680K, used 48884K [0x00000000d1000000, 0x00000000d5600000, 0x00000000f0580000)
  object space 71680K, 68% used [0x00000000d1000000,0x00000000d3fbd0a8,0x00000000d5600000)
 Metaspace       used 27172K, capacity 28036K, committed 28208K, reserved 1075200K
  class space    used 3160K, capacity 3356K, committed 3376K, reserved 1048576K
GC Heap History (10 events):
Event: 4,550 GC heap after
Heap after GC invocations=9 (full 0):
 PSYoungGen      total 105472K, used 6332K [0x00000000f0580000, 0x00000000fae00000, 0x0000000100000000)
  eden space 96768K, 0% used [0x00000000f0580000,0x00000000f0580000,0x00000000f6400000)
  from space 8704K, 72% used [0x00000000f6400000,0x00000000f6a2f078,0x00000000f6c80000)
  to   space 8704K, 0% used [0x00000000fa580000,0x00000000fa580000,0x00000000fae00000)
 ParOldGen       total 32768K, used 11705K [0x00000000d1000000, 0x00000000d3000000, 0x00000000f0580000)
  object space 32768K, 35% used [0x00000000d1000000,0x00000000d1b6e5f8,0x00000000d3000000)
 Metaspace       used 20589K, capacity 21212K, committed 21296K, reserved 1069056K
  class space    used 2448K, capacity 2569K, committed 2608K, reserved 1048576K
}
Event: 4,550 GC heap before
{Heap before GC invocations=10 (full 1):
 PSYoungGen      total 105472K, used 6332K [0x00000000f0580000, 0x00000000fae00000, 0x0000000100000000)
  eden space 96768K, 0% used [0x00000000f0580000,0x00000000f0580000,0x00000000f6400000)
  from space 8704K, 72% used [0x00000000f6400000,0x00000000f6a2f078,0x00000000f6c80000)
  to   space 8704K, 0% used [0x00000000fa580000,0x00000000fa580000,0x00000000fae00000)
 ParOldGen       total 32768K, used 11705K [0x00000000d1000000, 0x00000000d3000000, 0x00000000f0580000)
  object space 32768K, 35% used [0x00000000d1000000,0x00000000d1b6e5f8,0x00000000d3000000)
 Metaspace       used 20589K, capacity 21212K, committed 21296K, reserved 1069056K
  class space    used 2448K, capacity 2569K, committed 2608K, reserved 1048576K
Event: 4,629 GC heap after
Heap after GC invocations=10 (full 1):
 PSYoungGen      total 105472K, used 0K [0x00000000f0580000, 0x00000000fae00000, 0x0000000100000000)
  eden space 96768K, 0% used [0x00000000f0580000,0x00000000f0580000,0x00000000f6400000)
  from space 8704K, 0% used [0x00000000f6400000,0x00000000f6400000,0x00000000f6c80000)
  to   space 8704K, 0% used [0x00000000fa580000,0x00000000fa580000,0x00000000fae00000)
 ParOldGen       total 31744K, used 10176K [0x00000000d1000000, 0x00000000d2f00000, 0x00000000f0580000)
  object space 31744K, 32% used [0x00000000d1000000,0x00000000d19f01c0,0x00000000d2f00000)
 Metaspace       used 20589K, capacity 21212K, committed 21296K, reserved 1069056K
  class space    used 2448K, capacity 2569K, committed 2608K, reserved 1048576K
}
Event: 6,327 GC heap before
{Heap before GC invocations=11 (full 1):
 PSYoungGen      total 105472K, used 96768K [0x00000000f0580000, 0x00000000fae00000, 0x0000000100000000)
  eden space 96768K, 100% used [0x00000000f0580000,0x00000000f6400000,0x00000000f6400000)
  from space 8704K, 0% used [0x00000000f6400000,0x00000000f6400000,0x00000000f6c80000)
  to   space 8704K, 0% used [0x00000000fa580000,0x00000000fa580000,0x00000000fae00000)
 ParOldGen       total 31744K, used 10176K [0x00000000d1000000, 0x00000000d2f00000, 0x00000000f0580000)
  object space 31744K, 32% used [0x00000000d1000000,0x00000000d19f01c0,0x00000000d2f00000)
 Metaspace       used 24405K, capacity 25128K, committed 25392K, reserved 1071104K
  class space    used 2849K, capacity 3040K, committed 3120K, reserved 1048576K
Event: 6,366 GC heap after
Heap after GC invocations=11 (full 1):
 PSYoungGen      total 139264K, used 8701K [0x00000000f0580000, 0x00000000fae00000, 0x0000000100000000)
  eden space 130560K, 0% used [0x00000000f0580000,0x00000000f0580000,0x00000000f8500000)
  from space 8704K, 99% used [0x00000000fa580000,0x00000000fadff5c8,0x00000000fae00000)
  to   space 11264K, 0% used [0x00000000f9800000,0x00000000f9800000,0x00000000fa300000)
 ParOldGen       total 31744K, used 13417K [0x00000000d1000000, 0x00000000d2f00000, 0x00000000f0580000)
  object space 31744K, 42% used [0x00000000d1000000,0x00000000d1d1a7c0,0x00000000d2f00000)
 Metaspace       used 24405K, capacity 25128K, committed 25392K, reserved 1071104K
  class space    used 2849K, capacity 3040K, committed 3120K, reserved 1048576K
}
Event: 10,667 GC heap before
{Heap before GC invocations=12 (full 1):
 PSYoungGen      total 139264K, used 139261K [0x00000000f0580000, 0x00000000fae00000, 0x0000000100000000)
  eden space 130560K, 100% used [0x00000000f0580000,0x00000000f8500000,0x00000000f8500000)
  from space 8704K, 99% used [0x00000000fa580000,0x00000000fadff5c8,0x00000000fae00000)
  to   space 11264K, 0% used [0x00000000f9800000,0x00000000f9800000,0x00000000fa300000)
 ParOldGen       total 31744K, used 13417K [0x00000000d1000000, 0x00000000d2f00000, 0x00000000f0580000)
  object space 31744K, 42% used [0x00000000d1000000,0x00000000d1d1a7c0,0x00000000d2f00000)
 Metaspace       used 27171K, capacity 28036K, committed 28208K, reserved 1075200K
  class space    used 3160K, capacity 3356K, committed 3376K, reserved 1048576K
Event: 10,701 GC heap after
Heap after GC invocations=12 (full 1):
 PSYoungGen      total 161280K, used 11245K [0x00000000f0580000, 0x00000000fd500000, 0x0000000100000000)
  eden space 150016K, 0% used [0x00000000f0580000,0x00000000f0580000,0x00000000f9800000)
  from space 11264K, 99% used [0x00000000f9800000,0x00000000fa2fb688,0x00000000fa300000)
  to   space 19968K, 0% used [0x00000000fc180000,0x00000000fc180000,0x00000000fd500000)
 ParOldGen       total 33280K, used 32962K [0x00000000d1000000, 0x00000000d3080000, 0x00000000f0580000)
  object space 33280K, 99% used [0x00000000d1000000,0x00000000d3030b58,0x00000000d3080000)
 Metaspace       used 27171K, capacity 28036K, committed 28208K, reserved 1075200K
  class space    used 3160K, capacity 3356K, committed 3376K, reserved 1048576K
}
Event: 10,701 GC heap before
{Heap before GC invocations=13 (full 2):
 PSYoungGen      total 161280K, used 11245K [0x00000000f0580000, 0x00000000fd500000, 0x0000000100000000)
  eden space 150016K, 0% used [0x00000000f0580000,0x00000000f0580000,0x00000000f9800000)
  from space 11264K, 99% used [0x00000000f9800000,0x00000000fa2fb688,0x00000000fa300000)
  to   space 19968K, 0% used [0x00000000fc180000,0x00000000fc180000,0x00000000fd500000)
 ParOldGen       total 33280K, used 32962K [0x00000000d1000000, 0x00000000d3080000, 0x00000000f0580000)
  object space 33280K, 99% used [0x00000000d1000000,0x00000000d3030b58,0x00000000d3080000)
 Metaspace       used 27171K, capacity 28036K, committed 28208K, reserved 1075200K
  class space    used 3160K, capacity 3356K, committed 3376K, reserved 1048576K
Event: 10,891 GC heap after
Heap after GC invocations=13 (full 2):
 PSYoungGen      total 161280K, used 4797K [0x00000000f0580000, 0x00000000fd500000, 0x0000000100000000)
  eden space 150016K, 0% used [0x00000000f0580000,0x00000000f0580000,0x00000000f9800000)
  from space 11264K, 42% used [0x00000000f9800000,0x00000000f9caf408,0x00000000fa300000)
  to   space 19968K, 0% used [0x00000000fc180000,0x00000000fc180000,0x00000000fd500000)
 ParOldGen       total 71680K, used 33264K [0x00000000d1000000, 0x00000000d5600000, 0x00000000f0580000)
  object space 71680K, 46% used [0x00000000d1000000,0x00000000d307c118,0x00000000d5600000)
 Metaspace       used 27171K, capacity 28036K, committed 28208K, reserved 1075200K
  class space    used 3160K, capacity 3356K, committed 3376K, reserved 1048576K
}
Event: 12,210 GC heap before
{Heap before GC invocations=14 (full 2):
 PSYoungGen      total 161280K, used 154813K [0x00000000f0580000, 0x00000000fd500000, 0x0000000100000000)
  eden space 150016K, 100% used [0x00000000f0580000,0x00000000f9800000,0x00000000f9800000)
  from space 11264K, 42% used [0x00000000f9800000,0x00000000f9caf408,0x00000000fa300000)
  to   space 19968K, 0% used [0x00000000fc180000,0x00000000fc180000,0x00000000fd500000)
 ParOldGen       total 71680K, used 33264K [0x00000000d1000000, 0x00000000d5600000, 0x00000000f0580000)
  object space 71680K, 46% used [0x00000000d1000000,0x00000000d307c118,0x00000000d5600000)
 Metaspace       used 27172K, capacity 28036K, committed 28208K, reserved 1075200K
  class space    used 3160K, capacity 3356K, committed 3376K, reserved 1048576K

